21:52:13: Creating resource group General
21:52:13: Creating resource group Internal
21:52:13: Creating resource group Autodetect
21:52:13: Registering ResourceManager for type Mesh
21:52:13: Registering ResourceManager for type Material
21:52:13: Registering ResourceManager for type Skeleton
21:52:13: XMLMeshSerializer reading mesh data from Cube5.mesh.xml...
21:52:13: Reading submeshes...
21:52:13: Reading geometry...
21:52:13: Geometry done...
21:52:13: Submeshes done.
21:52:13: XMLMeshSerializer import successful.
21:52:13: Reorganising vertex buffers to automatic layout..
21:52:13: MeshSerializer writing mesh data to cube5.mesh...
21:52:13: File header written.
21:52:13: Writing mesh data...
21:52:13: Writing submesh...
21:52:13: Exporting submesh texture aliases...
21:52:13: Submesh texture aliases exported.
21:52:13: Submesh exported.
21:52:13: Exporting bounds information....
21:52:13: Bounds information exported.
21:52:13: Exporting submesh name table...
21:52:13: Submesh name table exported.
21:52:13: Exporting edge lists...
21:52:13: Edge lists exported
21:52:13: Mesh data exported.
21:52:13: MeshSerializer export successful.
21:52:13: Unregistering ResourceManager for type Skeleton
21:52:13: Unregistering ResourceManager for type Material
21:52:13: Unregistering ResourceManager for type Mesh
