23:13:52: Creating resource group General
23:13:52: Creating resource group Internal
23:13:52: Creating resource group Autodetect
23:13:52: SceneManagerFactory for type 'DefaultSceneManager' registered.
23:13:52: Registering ResourceManager for type Material
23:13:52: Registering ResourceManager for type Mesh
23:13:52: Registering ResourceManager for type Skeleton
23:13:52: MovableObjectFactory for type 'ParticleSystem' registered.
23:13:52: OverlayElementFactory for type Panel registered.
23:13:52: OverlayElementFactory for type BorderPanel registered.
23:13:52: OverlayElementFactory for type TextArea registered.
23:13:52: Registering ResourceManager for type Font
23:13:52: ArchiveFactory for archive type FileSystem registered.
23:13:52: ArchiveFactory for archive type Zip registered.
23:13:52: FreeImage version: 3.10.0
23:13:52: This program uses FreeImage, a free, open source image library supporting all common bitmap formats. See http://freeimage.sourceforge.net for details
23:13:52: Supported formats: bmp,ico,jpg,jif,jpeg,jpe,jng,koa,iff,lbm,mng,pbm,pbm,pcd,pcx,pgm,pgm,png,ppm,ppm,ras,tga,targa,tif,tiff,wap,wbmp,wbm,psd,cut,xbm,xpm,gif,hdr,g3,sgi,exr,j2k,j2c,jp2
23:13:52: DDS codec registering
23:13:52: Registering ResourceManager for type HighLevelGpuProgram
23:13:52: Registering ResourceManager for type Compositor
23:13:52: MovableObjectFactory for type 'Entity' registered.
23:13:52: MovableObjectFactory for type 'Light' registered.
23:13:52: MovableObjectFactory for type 'BillboardSet' registered.
23:13:52: MovableObjectFactory for type 'ManualObject' registered.
23:13:52: MovableObjectFactory for type 'BillboardChain' registered.
23:13:52: MovableObjectFactory for type 'RibbonTrail' registered.
23:13:52: OGRE EXCEPTION(6:FileNotFoundException): './plugins.cfg' file not found! in ConfigFile::load at ..\src\OgreConfigFile.cpp (line 84)
23:13:52: ./plugins.cfg not found, automatic plugin loading disabled.
23:13:52: *-*-* OGRE Initialising
23:13:52: *-*-* Version 1.6.4 (Shoggoth)
23:13:52: OGRE EXCEPTION(6:FileNotFoundException): './resources.cfg' file not found! in ConfigFile::load at ..\src\OgreConfigFile.cpp (line 84)
23:13:52: *-*-* OGRE Shutdown
23:13:52: Unregistering ResourceManager for type Compositor
23:13:52: Unregistering ResourceManager for type Font
23:13:52: Unregistering ResourceManager for type Skeleton
23:13:52: Unregistering ResourceManager for type Mesh
23:13:52: Unregistering ResourceManager for type HighLevelGpuProgram
23:13:52: Unregistering ResourceManager for type Material
